<?xml version="1.0" encoding="UTF-8"?>
<testng-results skipped="0" failed="0" ignored="0" total="1" passed="1">
  <reporter-output>
  </reporter-output>
  <suite name="Default suite" duration-ms="45561" started-at="2018-11-04T06:21:27Z" finished-at="2018-11-04T06:22:13Z">
    <groups>
    </groups>
    <test name="Default test" duration-ms="45561" started-at="2018-11-04T06:21:27Z" finished-at="2018-11-04T06:22:13Z">
      <class name="com.actitime.all_test_scripts.Testscript1">
        <test-method status="PASS" signature="preconfig()[pri:0, instance:com.actitime.all_test_scripts.Testscript1@1bce4f0a]" name="preconfig" is-config="true" duration-ms="32367" started-at="2018-11-04T06:21:27Z" finished-at="2018-11-04T06:22:00Z">
          <reporter-output>
          </reporter-output>
        </test-method> <!-- preconfig -->
        <test-method status="PASS" signature="testTestscript1()[pri:0, instance:com.actitime.all_test_scripts.Testscript1@1bce4f0a]" name="testTestscript1" duration-ms="5247" started-at="2018-11-04T06:22:00Z" finished-at="2018-11-04T06:22:05Z">
          <reporter-output>
          </reporter-output>
        </test-method> <!-- testTestscript1 -->
        <test-method status="PASS" signature="postconfig()[pri:0, instance:com.actitime.all_test_scripts.Testscript1@1bce4f0a]" name="postconfig" is-config="true" duration-ms="7879" started-at="2018-11-04T06:22:05Z" finished-at="2018-11-04T06:22:13Z">
          <reporter-output>
          </reporter-output>
        </test-method> <!-- postconfig -->
      </class> <!-- com.actitime.all_test_scripts.Testscript1 -->
    </test> <!-- Default test -->
  </suite> <!-- Default suite -->
</testng-results>
